#
# A fatal error has been detected by the Java Runtime Environment:
#
#  SIGSEGV (0xb) at pc=0x0000000123113ce9, pid=2126, tid=11267
#
# JRE version: Java(TM) SE Runtime Environment (8.0_40-b27) (build 1.8.0_40-b27)
# Java VM: Java HotSpot(TM) 64-Bit Server VM (25.40-b25 mixed mode bsd-amd64 compressed oops)
# Problematic frame:
# C  [libswt-cocoa-4427.jnilib+0x25ce9]  callback+0x297
#
# Failed to write core dump. Core dumps have been disabled. To enable core dumping, try "ulimit -c unlimited" before starting Java again
#
# If you would like to submit a bug report, please visit:
#   http://bugreport.java.com/bugreport/crash.jsp
#

---------------  T H R E A D  ---------------

Current thread (0x00007fc21182c800):  VMThread [stack: 0x0000700000526000,0x0000700000626000] [id=11267]

siginfo: si_signo: 11 (SIGSEGV), si_code: 1 (SEGV_MAPERR), si_addr: 0x0000000000000078

Registers:
RAX=0x0000000000000000, RBX=0x00007fc219ad2620, RCX=0x0000700000625764, RDX=0x0000000000000001
RSP=0x0000700000625790, RBP=0x00007000006258c0, RSI=0x0000000000000000, RDI=0x0000000000000000
R8 =0x0000000000000004, R9 =0x00007fc21a304c80, R10=0x00000000ffffffff, R11=0x00000001230f2237
R12=0x00007fff873294c0, R13=0x00007fff873294c0, R14=0x0000000000000000, R15=0x0000000000000000
RIP=0x0000000123113ce9, EFLAGS=0x0000000000010202, ERR=0x0000000000000004
  TRAPNO=0x000000000000000e

Top of Stack: (sp=0x0000700000625790)
0x0000700000625790:   0000000123113adb 00007fff873429eb
0x00007000006257a0:   0000000000000000 00000000114770b0
0x00007000006257b0:   0000700000625810 00007fff8732fdd5
0x00007000006257c0:   00007fff8c8f4d96 00007fc21182c9f8
0x00007000006257d0:   00007fc211477060 00007fc211747080
0x00007000006257e0:   0000000200010000 0000000000000000
0x00007000006257f0:   00007fff873294c0 00007fff00000000
0x0000700000625800:   0000000000000000 0000000000000000
0x0000700000625810:   00007000006258e0 00007fc21152a620
0x0000700000625820:   00007fff8d20570f 0000000000000000
0x0000700000625830:   0000000000000004 00007fc21a304c80
0x0000700000625840:   00007fff8d20570f 00007fc21152a620
0x0000700000625850:   00007fff74614d78 00007fff87329591
0x0000700000625860:   0000000000000000 0000000000000000
0x0000700000625870:   0000000000000000 0000000000000000
0x0000700000625880:   00007fff737504e0 00007fc21a104a90
0x0000700000625890:   0000000000000000 00007000006258e8
0x00007000006258a0:   0000700000625870 00007fff9151a569
0x00007000006258b0:   00007fff8683bd14 00007fff736c4c80
0x00007000006258c0:   00007000006258e0 00000001230f225e
0x00007000006258d0:   00007fff8d20570f 00007fc21152a620
0x00007000006258e0:   0000700000625920 00007fff8c8f4e0c
0x00007000006258f0:   00007fff8683bd14 00007fff736c4c80
0x0000700000625900:   0000700000625990 00000000000000f8
0x0000700000625910:   0000000000000000 00000000000000e0
0x0000700000625920:   0000700000625960 00007fff8ca5e05e
0x0000700000625930:   0000000000000000 00007fc219ad2620
0x0000700000625940:   00000000000000f8 00007fff873294c0
0x0000700000625950:   0000000000000000 00007fff7397f300
0x0000700000625960:   00007000006259e0 00007fff8ca5de2d
0x0000700000625970:   0000000000000000 0000000000000000
0x0000700000625980:   00007fff737504e0 00007fc21a104a90 

Instructions: (pc=0x0000000123113ce9)
0x0000000123113cc9:   ff ff 01 00 00 00 48 8b 85 08 ff ff ff 48 85 c0
0x0000000123113cd9:   0f 84 9f 03 00 00 48 8b 85 08 ff ff ff 48 8b 00
0x0000000123113ce9:   48 8b 40 78 48 8b bd 08 ff ff ff ff d0 48 89 85
0x0000000123113cf9:   30 ff ff ff 48 83 bd 30 ff ff ff 00 74 26 48 8b 

Register to memory mapping:

RAX=0x0000000000000000 is an unknown value
RBX=0x00007fc219ad2620 is an unknown value
RCX=0x0000700000625764 is an unknown value
RDX=0x0000000000000001 is an unknown value
RSP=0x0000700000625790 is an unknown value
RBP=0x00007000006258c0 is an unknown value
RSI=0x0000000000000000 is an unknown value
RDI=0x0000000000000000 is an unknown value
R8 =0x0000000000000004 is an unknown value
R9 =0x00007fc21a304c80 is an unknown value
R10=0x00000000ffffffff is an unknown value
R11=0x00000001230f2237: fn0_2+0 in /Users/fish/.swt/lib/macosx/x86_64/libswt-cocoa-4427.jnilib at 0x00000001230ee000
R12=0x00007fff873294c0: objc_msgSend+0 in /usr/lib/libobjc.A.dylib at 0x00007fff87328000
R13=0x00007fff873294c0: objc_msgSend+0 in /usr/lib/libobjc.A.dylib at 0x00007fff87328000
R14=0x0000000000000000 is an unknown value
R15=0x0000000000000000 is an unknown value


Stack: [0x0000700000526000,0x0000700000626000],  sp=0x0000700000625790,  free space=1021k
Native frames: (J=compiled Java code, j=interpreted, Vv=VM code, C=native code)
C  [libswt-cocoa-4427.jnilib+0x25ce9]  callback+0x297
C  [libswt-cocoa-4427.jnilib+0x425e]  fn0_2+0x27
C  [AppKit+0x128e0c]  -[NSWindow orderWindow:relativeTo:]+0x76
C  [AppKit+0x29205e]  __18-[NSWindow _close]_block_invoke+0x1eb
C  [AppKit+0x291e2d]  -[NSWindow _close]+0x176
C  [FinderKit+0xa654b]  -[FI_TFloatingInputWindowController dealloc]+0x3b
C  [libobjc.A.dylib+0x92f4]  _ZN11objc_object17sidetable_releaseEb+0xf2
C  [AppKit+0x166cce]  -[NSWindowController release]+0x9a
C  [FinderKit+0xa6dea]  _ZN4TRefIP33FI_TFloatingInputWindowController23OBJCRetainReleasePolicyIS1_EED2Ev+0xc
C  [libsystem_c.dylib+0x5f46b]  __cxa_finalize_ranges+0x159
C  [libsystem_c.dylib+0x5f76f]  exit+0x37
V  [libjvm.dylib+0x2deb92]
V  [libjvm.dylib+0x595f7d]
V  [libjvm.dylib+0x5945e9]
V  [libjvm.dylib+0x594a36]
V  [libjvm.dylib+0x594355]
V  [libjvm.dylib+0x46ea8e]
C  [libsystem_pthread.dylib+0x3c13]  _pthread_body+0x83
C  [libsystem_pthread.dylib+0x3b90]  _pthread_body+0x0
C  [libsystem_pthread.dylib+0x1375]  thread_start+0xd

VM_Operation (0x0000700001815658): Exit, mode: safepoint, requested by thread 0x00007fc216c7f800


---------------  P R O C E S S  ---------------

Java Threads: ( => current thread )
  0x00007fc216c7f800 JavaThread "SIGHUP handler" daemon [_thread_blocked, id=29447, stack(0x0000700001716000,0x0000700001816000)]
  0x00007fc2168a0800 JavaThread "ReferenceReaper" daemon [_thread_blocked, id=64147, stack(0x0000700001407000,0x0000700001507000)]
  0x00007fc21711d000 JavaThread "pool-1-thread-1" [_thread_blocked, id=60187, stack(0x0000700000f47000,0x0000700001047000)]
  0x00007fc21334d000 JavaThread "Thread-13" daemon [_thread_blocked, id=48927, stack(0x000070000104a000,0x000070000114a000)]
  0x00007fc2137ac800 JavaThread "RubyThread-10: file:/Users/fish/.rbenv/versions/2.2.0/lib/ruby/gems/2.2.0/gems/redcar-jruby-0.1/vendor/jruby-complete-1.6.4.jar!/META-INF/jruby.home/lib/ruby/1.8/drb/drb.rb:1465" daemon [_thread_in_native, id=12815, stack(0x00007000012d9000,0x00007000013d9000)]
  0x00007fc212007800 JavaThread "Service Thread" daemon [_thread_blocked, id=17923, stack(0x0000700000d41000,0x0000700000e41000)]
  0x00007fc21304b800 JavaThread "C1 CompilerThread2" daemon [_thread_blocked, id=17411, stack(0x0000700000c3e000,0x0000700000d3e000)]
  0x00007fc212008000 JavaThread "C2 CompilerThread1" daemon [_thread_blocked, id=16899, stack(0x0000700000b3b000,0x0000700000c3b000)]
  0x00007fc21304b000 JavaThread "C2 CompilerThread0" daemon [_thread_blocked, id=16387, stack(0x0000700000a38000,0x0000700000b38000)]
  0x00007fc213035000 JavaThread "Finalizer" daemon [_thread_blocked, id=12291, stack(0x000070000072c000,0x000070000082c000)]
  0x00007fc213034800 JavaThread "Reference Handler" daemon [_thread_blocked, id=11779, stack(0x0000700000629000,0x0000700000729000)]
  0x00007fc213004000 JavaThread "main" [_thread_blocked, id=8971, stack(0x00007fff52018000,0x00007fff52818000)]

Other Threads:
=>0x00007fc21182c800 VMThread [stack: 0x0000700000526000,0x0000700000626000] [id=11267]

VM state:at safepoint (shutting down)

VM Mutex/Monitor currently owned by a thread:  ([mutex/lock_event])
[0x00007fc211403a60] Threads_lock - owner thread: 0x00007fc21182c800

Heap:
 PSYoungGen      total 101888K, used 30420K [0x00000007b9580000, 0x00000007c0000000, 0x00000007c0000000)
  eden space 95744K, 26% used [0x00000007b9580000,0x00000007bae398d0,0x00000007bf300000)
  from space 6144K, 83% used [0x00000007bf300000,0x00000007bf7fb750,0x00000007bf900000)
  to   space 6656K, 0% used [0x00000007bf980000,0x00000007bf980000,0x00000007c0000000)
 ParOldGen       total 218624K, used 163675K [0x00000007ac000000, 0x00000007b9580000, 0x00000007b9580000)
  object space 218624K, 74% used [0x00000007ac000000,0x00000007b5fd6d20,0x00000007b9580000)
 Metaspace       used 53664K, capacity 64115K, committed 78208K, reserved 1110016K
  class space    used 8226K, capacity 12135K, committed 16768K, reserved 1048576K

Card table byte_map: [0x000000010d6be000,0x000000010d75f000] byte_map_base: 0x000000010995e000

Marking Bits: (ParMarkBitMap*) 0x000000010e8c27a0
 Begin Bits: [0x000000011e329000, 0x000000011e829000)
 End Bits:   [0x000000011e829000, 0x000000011ed29000)

Polling page: 0x000000010d6ac000

CodeCache: size=245760Kb used=54373Kb max_used=54502Kb free=191386Kb
 bounds [0x000000010ef69000, 0x0000000112509000, 0x000000011df69000]
 total_blobs=12694 nmethods=12097 adapters=505
 compilation: enabled

Compilation events (10 events):
Event: 443042.633 Thread 0x00007fc212008000 17901       4       org.eclipse.swt.internal.cocoa.NSView::<init> (6 bytes)
Event: 443042.727 Thread 0x00007fc212008000 nmethod 17901 0x000000010f7defd0 code [0x000000010f7df120, 0x000000010f7df178]
Event: 443043.175 Thread 0x00007fc21304b800 17902       3       java.util.Collections::swap (25 bytes)
Event: 443043.176 Thread 0x00007fc212008000 17903       4       java.util.ArrayList::set (20 bytes)
Event: 443043.191 Thread 0x00007fc212008000 nmethod 17903 0x000000010f609550 code [0x000000010f6096a0, 0x000000010f6097d8]
Event: 443043.194 Thread 0x00007fc21304b800 nmethod 17902 0x0000000112274450 code [0x00000001122745e0, 0x0000000112274968]
Event: 443043.201 Thread 0x00007fc21304b000 17904       4       java.util.HashMap::clear (50 bytes)
Event: 443043.213 Thread 0x00007fc21304b000 nmethod 17904 0x0000000112421790 code [0x00000001124218e0, 0x00000001124219d8]
Event: 443043.215 Thread 0x00007fc21304b000 17905       4       java.util.LinkedHashMap::clear (15 bytes)
Event: 443043.220 Thread 0x00007fc21304b000 nmethod 17905 0x00000001112f7a90 code [0x00000001112f7be0, 0x00000001112f7cf8]

GC Heap History (10 events):
Event: 441931.223 GC heap before
{Heap before GC invocations=2037 (full 6):
 PSYoungGen      total 102912K, used 101101K [0x00000007b9580000, 0x00000007c0000000, 0x00000007c0000000)
  eden space 96768K, 100% used [0x00000007b9580000,0x00000007bf400000,0x00000007bf400000)
  from space 6144K, 70% used [0x00000007bfa00000,0x00000007bfe3b750,0x00000007c0000000)
  to   space 6144K, 0% used [0x00000007bf400000,0x00000007bf400000,0x00000007bfa00000)
 ParOldGen       total 218624K, used 163475K [0x00000007ac000000, 0x00000007b9580000, 0x00000007b9580000)
  object space 218624K, 74% used [0x00000007ac000000,0x00000007b5fa4d20,0x00000007b9580000)
 Metaspace       used 53633K, capacity 64067K, committed 78208K, reserved 1110016K
  class space    used 8216K, capacity 12119K, committed 16768K, reserved 1048576K
Event: 441931.239 GC heap after
Heap after GC invocations=2037 (full 6):
 PSYoungGen      total 102912K, used 3981K [0x00000007b9580000, 0x00000007c0000000, 0x00000007c0000000)
  eden space 96768K, 0% used [0x00000007b9580000,0x00000007b9580000,0x00000007bf400000)
  from space 6144K, 64% used [0x00000007bf400000,0x00000007bf7e3750,0x00000007bfa00000)
  to   space 6144K, 0% used [0x00000007bfa00000,0x00000007bfa00000,0x00000007c0000000)
 ParOldGen       total 218624K, used 163571K [0x00000007ac000000, 0x00000007b9580000, 0x00000007b9580000)
  object space 218624K, 74% used [0x00000007ac000000,0x00000007b5fbcd20,0x00000007b9580000)
 Metaspace       used 53633K, capacity 64067K, committed 78208K, reserved 1110016K
  class space    used 8216K, capacity 12119K, committed 16768K, reserved 1048576K
}
Event: 441996.103 GC heap before
{Heap before GC invocations=2038 (full 6):
 PSYoungGen      total 102912K, used 100749K [0x00000007b9580000, 0x00000007c0000000, 0x00000007c0000000)
  eden space 96768K, 100% used [0x00000007b9580000,0x00000007bf400000,0x00000007bf400000)
  from space 6144K, 64% used [0x00000007bf400000,0x00000007bf7e3750,0x00000007bfa00000)
  to   space 6144K, 0% used [0x00000007bfa00000,0x00000007bfa00000,0x00000007c0000000)
 ParOldGen       total 218624K, used 163571K [0x00000007ac000000, 0x00000007b9580000, 0x00000007b9580000)
  object space 218624K, 74% used [0x00000007ac000000,0x00000007b5fbcd20,0x00000007b9580000)
 Metaspace       used 53633K, capacity 64067K, committed 78208K, reserved 1110016K
  class space    used 8216K, capacity 12119K, committed 16768K, reserved 1048576K
Event: 441996.231 GC heap after
Heap after GC invocations=2038 (full 6):
 PSYoungGen      total 101888K, used 4973K [0x00000007b9580000, 0x00000007c0000000, 0x00000007c0000000)
  eden space 95744K, 0% used [0x00000007b9580000,0x00000007b9580000,0x00000007bf300000)
  from space 6144K, 80% used [0x00000007bfa00000,0x00000007bfedb750,0x00000007c0000000)
  to   space 6656K, 0% used [0x00000007bf300000,0x00000007bf300000,0x00000007bf980000)
 ParOldGen       total 218624K, used 163603K [0x00000007ac000000, 0x00000007b9580000, 0x00000007b9580000)
  object space 218624K, 74% used [0x00000007ac000000,0x00000007b5fc4d20,0x00000007b9580000)
 Metaspace       used 53633K, capacity 64067K, committed 78208K, reserved 1110016K
  class space    used 8216K, capacity 12119K, committed 16768K, reserved 1048576K
}
Event: 442064.678 GC heap before
{Heap before GC invocations=2039 (full 6):
 PSYoungGen      total 101888K, used 100717K [0x00000007b9580000, 0x00000007c0000000, 0x00000007c0000000)
  eden space 95744K, 100% used [0x00000007b9580000,0x00000007bf300000,0x00000007bf300000)
  from space 6144K, 80% used [0x00000007bfa00000,0x00000007bfedb750,0x00000007c0000000)
  to   space 6656K, 0% used [0x00000007bf300000,0x00000007bf300000,0x00000007bf980000)
 ParOldGen       total 218624K, used 163603K [0x00000007ac000000, 0x00000007b9580000, 0x00000007b9580000)
  object space 218624K, 74% used [0x00000007ac000000,0x00000007b5fc4d20,0x00000007b9580000)
 Metaspace       used 53633K, capacity 64067K, committed 78208K, reserved 1110016K
  class space    used 8216K, capacity 12119K, committed 16768K, reserved 1048576K
Event: 442064.688 GC heap after
Heap after GC invocations=2039 (full 6):
 PSYoungGen      total 102400K, used 4621K [0x00000007b9580000, 0x00000007c0000000, 0x00000007c0000000)
  eden space 95744K, 0% used [0x00000007b9580000,0x00000007b9580000,0x00000007bf300000)
  from space 6656K, 69% used [0x00000007bf300000,0x00000007bf783750,0x00000007bf980000)
  to   space 6656K, 0% used [0x00000007bf980000,0x00000007bf980000,0x00000007c0000000)
 ParOldGen       total 218624K, used 163635K [0x00000007ac000000, 0x00000007b9580000, 0x00000007b9580000)
  object space 218624K, 74% used [0x00000007ac000000,0x00000007b5fccd20,0x00000007b9580000)
 Metaspace       used 53633K, capacity 64067K, committed 78208K, reserved 1110016K
  class space    used 8216K, capacity 12119K, committed 16768K, reserved 1048576K
}
Event: 442101.509 GC heap before
{Heap before GC invocations=2040 (full 6):
 PSYoungGen      total 102400K, used 100365K [0x00000007b9580000, 0x00000007c0000000, 0x00000007c0000000)
  eden space 95744K, 100% used [0x00000007b9580000,0x00000007bf300000,0x00000007bf300000)
  from space 6656K, 69% used [0x00000007bf300000,0x00000007bf783750,0x00000007bf980000)
  to   space 6656K, 0% used [0x00000007bf980000,0x00000007bf980000,0x00000007c0000000)
 ParOldGen       total 218624K, used 163635K [0x00000007ac000000, 0x00000007b9580000, 0x00000007b9580000)
  object space 218624K, 74% used [0x00000007ac000000,0x00000007b5fccd20,0x00000007b9580000)
 Metaspace       used 53654K, capacity 64115K, committed 78208K, reserved 1110016K
  class space    used 8224K, capacity 12135K, committed 16768K, reserved 1048576K
Event: 442101.528 GC heap after
Heap after GC invocations=2040 (full 6):
 PSYoungGen      total 101376K, used 4057K [0x00000007b9580000, 0x00000007bff00000, 0x00000007c0000000)
  eden space 95744K, 0% used [0x00000007b9580000,0x00000007b9580000,0x00000007bf300000)
  from space 5632K, 72% used [0x00000007bf980000,0x00000007bfd76568,0x00000007bff00000)
  to   space 6144K, 0% used [0x00000007bf300000,0x00000007bf300000,0x00000007bf900000)
 ParOldGen       total 218624K, used 163659K [0x00000007ac000000, 0x00000007b9580000, 0x00000007b9580000)
  object space 218624K, 74% used [0x00000007ac000000,0x00000007b5fd2d20,0x00000007b9580000)
 Metaspace       used 53654K, capacity 64115K, committed 78208K, reserved 1110016K
  class space    used 8224K, capacity 12135K, committed 16768K, reserved 1048576K
}
Event: 442233.252 GC heap before
{Heap before GC invocations=2041 (full 6):
 PSYoungGen      total 101376K, used 99801K [0x00000007b9580000, 0x00000007bff00000, 0x00000007c0000000)
  eden space 95744K, 100% used [0x00000007b9580000,0x00000007bf300000,0x00000007bf300000)
  from space 5632K, 72% used [0x00000007bf980000,0x00000007bfd76568,0x00000007bff00000)
  to   space 6144K, 0% used [0x00000007bf300000,0x00000007bf300000,0x00000007bf900000)
 ParOldGen       total 218624K, used 163659K [0x00000007ac000000, 0x00000007b9580000, 0x00000007b9580000)
  object space 218624K, 74% used [0x00000007ac000000,0x00000007b5fd2d20,0x00000007b9580000)
 Metaspace       used 53654K, capacity 64115K, committed 78208K, reserved 1110016K
  class space    used 8224K, capacity 12135K, committed 16768K, reserved 1048576K
Event: 442233.381 GC heap after
Heap after GC invocations=2041 (full 6):
 PSYoungGen      total 101888K, used 5101K [0x00000007b9580000, 0x00000007c0000000, 0x00000007c0000000)
  eden space 95744K, 0% used [0x00000007b9580000,0x00000007b9580000,0x00000007bf300000)
  from space 6144K, 83% used [0x00000007bf300000,0x00000007bf7fb750,0x00000007bf900000)
  to   space 6656K, 0% used [0x00000007bf980000,0x00000007bf980000,0x00000007c0000000)
 ParOldGen       total 218624K, used 163675K [0x00000007ac000000, 0x00000007b9580000, 0x00000007b9580000)
  object space 218624K, 74% used [0x00000007ac000000,0x00000007b5fd6d20,0x00000007b9580000)
 Metaspace       used 53654K, capacity 64115K, committed 78208K, reserved 1110016K
  class space    used 8224K, capacity 12135K, committed 16768K, reserved 1048576K
}

Deoptimization events (10 events):
Event: 429071.579 Thread 0x00007fc213004000 Uncommon trap: reason=unstable_if action=reinterpret pc=0x0000000111e6bedc method=java.text.DecimalFormat.subformat(Ljava/lang/StringBuffer;Ljava/text/Format$FieldDelegate;ZZIIII)Ljava/lang/StringBuffer; @ 870
Event: 429213.373 Thread 0x00007fc21711d000 Uncommon trap: reason=class_check action=maybe_recompile pc=0x000000010feb1120 method=rubyjit.update_files_01AF7A4213D85FEFBAC9EA5FA48D5F812DC196D3.block_0$RUBY$__file__(Lrubyjit/update_files_01AF7A4213D85FEFBAC9EA5FA48D5F812DC196D3;Lorg/jruby/runtime/Thr
Event: 429213.375 Thread 0x00007fc21711d000 Uncommon trap: reason=class_check action=maybe_recompile pc=0x000000010feb1120 method=rubyjit.update_files_01AF7A4213D85FEFBAC9EA5FA48D5F812DC196D3.block_0$RUBY$__file__(Lrubyjit/update_files_01AF7A4213D85FEFBAC9EA5FA48D5F812DC196D3;Lorg/jruby/runtime/Thr
Event: 429213.375 Thread 0x00007fc21711d000 Uncommon trap: reason=class_check action=maybe_recompile pc=0x000000010feb1120 method=rubyjit.update_files_01AF7A4213D85FEFBAC9EA5FA48D5F812DC196D3.block_0$RUBY$__file__(Lrubyjit/update_files_01AF7A4213D85FEFBAC9EA5FA48D5F812DC196D3;Lorg/jruby/runtime/Thr
Event: 429213.375 Thread 0x00007fc21711d000 Uncommon trap: reason=class_check action=maybe_recompile pc=0x000000010feb1120 method=rubyjit.update_files_01AF7A4213D85FEFBAC9EA5FA48D5F812DC196D3.block_0$RUBY$__file__(Lrubyjit/update_files_01AF7A4213D85FEFBAC9EA5FA48D5F812DC196D3;Lorg/jruby/runtime/Thr
Event: 429213.377 Thread 0x00007fc21711d000 Uncommon trap: reason=class_check action=maybe_recompile pc=0x000000010fcfa2a0 method=rubyjit.update_files_01AF7A4213D85FEFBAC9EA5FA48D5F812DC196D3.block_0$RUBY$__file__(Lrubyjit/update_files_01AF7A4213D85FEFBAC9EA5FA48D5F812DC196D3;Lorg/jruby/runtime/Thr
Event: 429306.421 Thread 0x00007fc213004000 Uncommon trap: reason=unstable_if action=reinterpret pc=0x000000011006e5b0 method=org.joni.ByteCodeMachine.opExactMB2N1()V @ 10
Event: 443041.366 Thread 0x00007fc211836000 Uncommon trap: reason=bimorphic action=maybe_recompile pc=0x000000010f306320 method=java.util.Hashtable.get(Ljava/lang/Object;)Ljava/lang/Object; @ 45
Event: 443042.069 Thread 0x00007fc21943c800 Uncommon trap: reason=unstable_if action=reinterpret pc=0x0000000110cdbf98 method=java.util.logging.LogManager$LoggerContext.ensureDefaultLogger(Ljava/util/logging/Logger;)V @ 59
Event: 443042.158 Thread 0x00007fc216c7f800 Uncommon trap: reason=bimorphic action=maybe_recompile pc=0x0000000110df87e4 method=java.util.AbstractCollection.toArray()[Ljava/lang/Object; @ 22

Internal exceptions (10 events):
Event: 440436.314 Thread 0x00007fc213035000 Implicit null exception at 0x0000000111adc3c8 to 0x0000000111adc712
Event: 440436.316 Thread 0x00007fc213035000 Exception <a 'java/lang/NullPointerException'> (0x00000007b977beb0) thrown at [/Users/java_re/workspace/8-2-build-macosx-x86_64/jdk8u40/3153/hotspot/src/share/vm/runtime/sharedRuntime.cpp, line 605]
Event: 441869.244 Thread 0x00007fc213035000 Implicit null exception at 0x0000000111adc3c8 to 0x0000000111adc712
Event: 441869.248 Thread 0x00007fc213035000 Exception <a 'java/lang/NullPointerException'> (0x00000007b9772810) thrown at [/Users/java_re/workspace/8-2-build-macosx-x86_64/jdk8u40/3153/hotspot/src/share/vm/runtime/sharedRuntime.cpp, line 605]
Event: 441996.233 Thread 0x00007fc213035000 Implicit null exception at 0x0000000111adc3c8 to 0x0000000111adc712
Event: 441996.234 Thread 0x00007fc213035000 Exception <a 'java/lang/NullPointerException'> (0x00000007b9761678) thrown at [/Users/java_re/workspace/8-2-build-macosx-x86_64/jdk8u40/3153/hotspot/src/share/vm/runtime/sharedRuntime.cpp, line 605]
Event: 442064.688 Thread 0x00007fc213035000 Implicit null exception at 0x0000000111adc3c8 to 0x0000000111adc712
Event: 442064.689 Thread 0x00007fc213035000 Exception <a 'java/lang/NullPointerException'> (0x00000007b96d1c68) thrown at [/Users/java_re/workspace/8-2-build-macosx-x86_64/jdk8u40/3153/hotspot/src/share/vm/runtime/sharedRuntime.cpp, line 605]
Event: 442233.381 Thread 0x00007fc213035000 Implicit null exception at 0x0000000111adc3c8 to 0x0000000111adc712
Event: 442233.382 Thread 0x00007fc213035000 Exception <a 'java/lang/NullPointerException'> (0x00000007b975ccd0) thrown at [/Users/java_re/workspace/8-2-build-macosx-x86_64/jdk8u40/3153/hotspot/src/share/vm/runtime/sharedRuntime.cpp, line 605]

Events (10 events):
Event: 443042.142 Executing VM operation: RevokeBias done
Event: 443042.157 Thread 0x00007fc21943c800 Thread exited: 0x00007fc21943c800
Event: 443042.158 Thread 0x00007fc216c7f800 Uncommon trap: trap_request=0xffffffc6 fr.pc=0x0000000110df87e4
Event: 443042.158 Thread 0x00007fc216c7f800 DEOPT PACKING pc=0x0000000110df87e4 sp=0x0000700001815560
Event: 443042.173 Thread 0x00007fc216c7f800 DEOPT UNPACKING pc=0x000000010ef6e229 sp=0x0000700001815528 mode 2
Event: 443042.729 Thread 0x00007fc212008000 flushing nmethod 0x000000010f970590
Event: 443043.209 Thread 0x00007fc212008000 flushing nmethod 0x000000010fcf9010
Event: 443043.235 Thread 0x00007fc21304b000 flushing nmethod 0x000000010feafe50
Event: 443043.239 Thread 0x00007fc211836000 Thread exited: 0x00007fc211836000
Event: 443043.242 Executing VM operation: Exit


Dynamic libraries:
0x0000000002de7000 	/System/Library/Frameworks/Cocoa.framework/Versions/A/Cocoa
0x0000000002de7000 	/System/Library/Frameworks/Security.framework/Versions/A/Security
0x0000000002de7000 	/System/Library/Frameworks/ApplicationServices.framework/Versions/A/ApplicationServices
0x0000000002de7000 	/usr/lib/libz.1.dylib
0x0000000002de7000 	/usr/lib/libSystem.B.dylib
0x0000000002de7000 	/usr/lib/libobjc.A.dylib
0x0000000002de7000 	/System/Library/Frameworks/CoreFoundation.framework/Versions/A/CoreFoundation
0x0000000002de7000 	/System/Library/Frameworks/Foundation.framework/Versions/C/Foundation
0x0000000002de7000 	/System/Library/Frameworks/AppKit.framework/Versions/C/AppKit
0x0000000002de7000 	/System/Library/Frameworks/CoreData.framework/Versions/A/CoreData
0x0000000002de7000 	/System/Library/PrivateFrameworks/RemoteViewServices.framework/Versions/A/RemoteViewServices
0x0000000002de7000 	/System/Library/PrivateFrameworks/UIFoundation.framework/Versions/A/UIFoundation
0x0000000002de7000 	/usr/lib/libScreenReader.dylib
0x0000000002de7000 	/System/Library/Frameworks/Accelerate.framework/Versions/A/Accelerate
0x0000000002de7000 	/System/Library/Frameworks/IOSurface.framework/Versions/A/IOSurface
0x0000000002de7000 	/System/Library/Frameworks/AudioToolbox.framework/Versions/A/AudioToolbox
0x0000000002de7000 	/System/Library/Frameworks/AudioUnit.framework/Versions/A/AudioUnit
0x0000000002de7000 	/System/Library/PrivateFrameworks/DataDetectorsCore.framework/Versions/A/DataDetectorsCore
0x0000000002de7000 	/System/Library/PrivateFrameworks/DesktopServicesPriv.framework/Versions/A/DesktopServicesPriv
0x0000000002de7000 	/System/Library/Frameworks/Carbon.framework/Versions/A/Frameworks/HIToolbox.framework/Versions/A/HIToolbox
0x0000000002de7000 	/System/Library/Frameworks/QuartzCore.framework/Versions/A/QuartzCore
0x0000000002de7000 	/System/Library/Frameworks/Carbon.framework/Versions/A/Frameworks/SpeechRecognition.framework/Versions/A/SpeechRecognition
0x0000000002de7000 	/usr/lib/libauto.dylib
0x0000000002de7000 	/usr/lib/libicucore.A.dylib
0x0000000002de7000 	/usr/lib/libxml2.2.dylib
0x0000000002de7000 	/System/Library/PrivateFrameworks/CoreUI.framework/Versions/A/CoreUI
0x0000000002de7000 	/System/Library/Frameworks/CoreAudio.framework/Versions/A/CoreAudio
0x0000000002de7000 	/System/Library/Frameworks/DiskArbitration.framework/Versions/A/DiskArbitration
0x0000000002de7000 	/usr/lib/liblangid.dylib
0x0000000002de7000 	/System/Library/PrivateFrameworks/MultitouchSupport.framework/Versions/A/MultitouchSupport
0x0000000002de7000 	/System/Library/Frameworks/IOKit.framework/Versions/A/IOKit
0x0000000002de7000 	/usr/lib/libDiagnosticMessagesClient.dylib
0x0000000002de7000 	/System/Library/Frameworks/CoreServices.framework/Versions/A/CoreServices
0x0000000002de7000 	/System/Library/PrivateFrameworks/PerformanceAnalysis.framework/Versions/A/PerformanceAnalysis
0x0000000002de7000 	/System/Library/PrivateFrameworks/GenerationalStorage.framework/Versions/A/GenerationalStorage
0x0000000002de7000 	/System/Library/Frameworks/OpenGL.framework/Versions/A/OpenGL
0x0000000002de7000 	/System/Library/PrivateFrameworks/Sharing.framework/Versions/A/Sharing
0x0000000002de7000 	/System/Library/Frameworks/CoreGraphics.framework/Versions/A/CoreGraphics
0x0000000002de7000 	/System/Library/Frameworks/CoreImage.framework/Versions/A/CoreImage
0x0000000002de7000 	/System/Library/Frameworks/CoreText.framework/Versions/A/CoreText
0x0000000002de7000 	/System/Library/Frameworks/ImageIO.framework/Versions/A/ImageIO
0x0000000002de7000 	/System/Library/PrivateFrameworks/Backup.framework/Versions/A/Backup
0x0000000002de7000 	/usr/lib/libextension.dylib
0x0000000002de7000 	/usr/lib/libarchive.2.dylib
0x0000000002de7000 	/System/Library/Frameworks/CFNetwork.framework/Versions/A/CFNetwork
0x0000000002de7000 	/System/Library/Frameworks/SystemConfiguration.framework/Versions/A/SystemConfiguration
0x0000000002de7000 	/usr/lib/libCRFSuite.dylib
0x0000000002de7000 	/usr/lib/libc++.1.dylib
0x0000000002de7000 	/usr/lib/libc++abi.dylib
0x0000000002de7000 	/usr/lib/system/libcache.dylib
0x0000000002de7000 	/usr/lib/system/libcommonCrypto.dylib
0x0000000002de7000 	/usr/lib/system/libcompiler_rt.dylib
0x0000000002de7000 	/usr/lib/system/libcopyfile.dylib
0x0000000002de7000 	/usr/lib/system/libcorecrypto.dylib
0x0000000002de7000 	/usr/lib/system/libdispatch.dylib
0x0000000002de7000 	/usr/lib/system/libdyld.dylib
0x0000000002de7000 	/usr/lib/system/libkeymgr.dylib
0x0000000002de7000 	/usr/lib/system/liblaunch.dylib
0x0000000002de7000 	/usr/lib/system/libmacho.dylib
0x0000000002de7000 	/usr/lib/system/libquarantine.dylib
0x0000000002de7000 	/usr/lib/system/libremovefile.dylib
0x0000000002de7000 	/usr/lib/system/libsystem_asl.dylib
0x0000000002de7000 	/usr/lib/system/libsystem_blocks.dylib
0x0000000002de7000 	/usr/lib/system/libsystem_c.dylib
0x0000000002de7000 	/usr/lib/system/libsystem_configuration.dylib
0x0000000002de7000 	/usr/lib/system/libsystem_coreservices.dylib
0x0000000002de7000 	/usr/lib/system/libsystem_coretls.dylib
0x0000000002de7000 	/usr/lib/system/libsystem_dnssd.dylib
0x0000000002de7000 	/usr/lib/system/libsystem_info.dylib
0x0000000002de7000 	/usr/lib/system/libsystem_kernel.dylib
0x0000000002de7000 	/usr/lib/system/libsystem_m.dylib
0x0000000002de7000 	/usr/lib/system/libsystem_malloc.dylib
0x0000000002de7000 	/usr/lib/system/libsystem_network.dylib
0x0000000002de7000 	/usr/lib/system/libsystem_networkextension.dylib
0x0000000002de7000 	/usr/lib/system/libsystem_notify.dylib
0x0000000002de7000 	/usr/lib/system/libsystem_platform.dylib
0x0000000002de7000 	/usr/lib/system/libsystem_pthread.dylib
0x0000000002de7000 	/usr/lib/system/libsystem_sandbox.dylib
0x0000000002de7000 	/usr/lib/system/libsystem_secinit.dylib
0x0000000002de7000 	/usr/lib/system/libsystem_trace.dylib
0x0000000002de7000 	/usr/lib/system/libunc.dylib
0x0000000002de7000 	/usr/lib/system/libunwind.dylib
0x0000000002de7000 	/usr/lib/system/libxpc.dylib
0x0000000002de7000 	/usr/lib/libenergytrace.dylib
0x0000000002de7000 	/usr/lib/libbsm.0.dylib
0x0000000002de7000 	/usr/lib/system/libkxld.dylib
0x0000000002de7000 	/usr/lib/libxar.1.dylib
0x0000000002de7000 	/usr/lib/libsqlite3.dylib
0x0000000002de7000 	/usr/lib/libpam.2.dylib
0x0000000002de7000 	/usr/lib/libOpenScriptingUtil.dylib
0x0000000002de7000 	/usr/lib/libbz2.1.0.dylib
0x0000000002de7000 	/usr/lib/liblzma.5.dylib
0x0000000002de7000 	/System/Library/Frameworks/CoreServices.framework/Versions/A/Frameworks/FSEvents.framework/Versions/A/FSEvents
0x0000000002de7000 	/System/Library/Frameworks/CoreServices.framework/Versions/A/Frameworks/CarbonCore.framework/Versions/A/CarbonCore
0x0000000002de7000 	/System/Library/Frameworks/CoreServices.framework/Versions/A/Frameworks/Metadata.framework/Versions/A/Metadata
0x0000000002de7000 	/System/Library/Frameworks/CoreServices.framework/Versions/A/Frameworks/OSServices.framework/Versions/A/OSServices
0x0000000002de7000 	/System/Library/Frameworks/CoreServices.framework/Versions/A/Frameworks/SearchKit.framework/Versions/A/SearchKit
0x0000000002de7000 	/System/Library/Frameworks/CoreServices.framework/Versions/A/Frameworks/AE.framework/Versions/A/AE
0x0000000002de7000 	/System/Library/Frameworks/CoreServices.framework/Versions/A/Frameworks/LaunchServices.framework/Versions/A/LaunchServices
0x0000000002de7000 	/System/Library/Frameworks/CoreServices.framework/Versions/A/Frameworks/DictionaryServices.framework/Versions/A/DictionaryServices
0x0000000002de7000 	/System/Library/Frameworks/CoreServices.framework/Versions/A/Frameworks/SharedFileList.framework/Versions/A/SharedFileList
0x0000000002de7000 	/System/Library/Frameworks/NetFS.framework/Versions/A/NetFS
0x0000000002de7000 	/System/Library/PrivateFrameworks/NetAuth.framework/Versions/A/NetAuth
0x0000000002de7000 	/System/Library/PrivateFrameworks/login.framework/Versions/A/Frameworks/loginsupport.framework/Versions/A/loginsupport
0x0000000002de7000 	/System/Library/PrivateFrameworks/TCC.framework/Versions/A/TCC
0x0000000002de7000 	/usr/lib/libmecabra.dylib
0x0000000002de7000 	/System/Library/Frameworks/ApplicationServices.framework/Versions/A/Frameworks/ATS.framework/Versions/A/ATS
0x0000000002de7000 	/System/Library/Frameworks/ApplicationServices.framework/Versions/A/Frameworks/ColorSync.framework/Versions/A/ColorSync
0x0000000002de7000 	/System/Library/Frameworks/ApplicationServices.framework/Versions/A/Frameworks/HIServices.framework/Versions/A/HIServices
0x0000000002de7000 	/System/Library/Frameworks/ApplicationServices.framework/Versions/A/Frameworks/LangAnalysis.framework/Versions/A/LangAnalysis
0x0000000002de7000 	/System/Library/Frameworks/ApplicationServices.framework/Versions/A/Frameworks/PrintCore.framework/Versions/A/PrintCore
0x0000000002de7000 	/System/Library/Frameworks/ApplicationServices.framework/Versions/A/Frameworks/QD.framework/Versions/A/QD
0x0000000002de7000 	/System/Library/Frameworks/ApplicationServices.framework/Versions/A/Frameworks/SpeechSynthesis.framework/Versions/A/SpeechSynthesis
0x0000000002de7000 	/System/Library/Frameworks/Metal.framework/Versions/A/Metal
0x0000000002de7000 	/System/Library/Frameworks/Accelerate.framework/Versions/A/Frameworks/vImage.framework/Versions/A/vImage
0x0000000002de7000 	/System/Library/Frameworks/Accelerate.framework/Versions/A/Frameworks/vecLib.framework/Versions/A/vecLib
0x0000000002de7000 	/System/Library/Frameworks/Accelerate.framework/Versions/A/Frameworks/vecLib.framework/Versions/A/libvDSP.dylib
0x0000000002de7000 	/System/Library/Frameworks/Accelerate.framework/Versions/A/Frameworks/vecLib.framework/Versions/A/libvMisc.dylib
0x0000000002de7000 	/System/Library/Frameworks/Accelerate.framework/Versions/A/Frameworks/vecLib.framework/Versions/A/libLAPACK.dylib
0x0000000002de7000 	/System/Library/Frameworks/Accelerate.framework/Versions/A/Frameworks/vecLib.framework/Versions/A/libBLAS.dylib
0x0000000002de7000 	/System/Library/Frameworks/Accelerate.framework/Versions/A/Frameworks/vecLib.framework/Versions/A/libLinearAlgebra.dylib
0x0000000002de7000 	/System/Library/Frameworks/Accelerate.framework/Versions/A/Frameworks/vecLib.framework/Versions/A/libSparseBLAS.dylib
0x0000000002de7000 	/System/Library/PrivateFrameworks/GPUCompiler.framework/libmetal_timestamp.dylib
0x0000000002de7000 	/System/Library/Frameworks/OpenGL.framework/Versions/A/Libraries/libCoreFSCache.dylib
0x0000000002de7000 	/System/Library/PrivateFrameworks/IOAccelerator.framework/Versions/A/IOAccelerator
0x0000000002de7000 	/System/Library/Frameworks/ApplicationServices.framework/Versions/A/Frameworks/ATS.framework/Versions/A/Resources/libFontParser.dylib
0x0000000002de7000 	/System/Library/Frameworks/ApplicationServices.framework/Versions/A/Frameworks/ATS.framework/Versions/A/Resources/libFontRegistry.dylib
0x0000000002de7000 	/System/Library/PrivateFrameworks/AppleVPA.framework/Versions/A/AppleVPA
0x0000000002de7000 	/System/Library/PrivateFrameworks/AppleJPEG.framework/Versions/A/AppleJPEG
0x0000000002de7000 	/System/Library/Frameworks/ImageIO.framework/Versions/A/Resources/libJPEG.dylib
0x0000000002de7000 	/System/Library/Frameworks/ImageIO.framework/Versions/A/Resources/libTIFF.dylib
0x0000000002de7000 	/System/Library/Frameworks/ImageIO.framework/Versions/A/Resources/libPng.dylib
0x0000000002de7000 	/System/Library/Frameworks/ImageIO.framework/Versions/A/Resources/libGIF.dylib
0x0000000002de7000 	/System/Library/Frameworks/ImageIO.framework/Versions/A/Resources/libJP2.dylib
0x0000000002de7000 	/System/Library/Frameworks/ImageIO.framework/Versions/A/Resources/libRadiance.dylib
0x0000000002de7000 	/System/Library/Frameworks/CoreVideo.framework/Versions/A/CoreVideo
0x0000000002de7000 	/System/Library/Frameworks/OpenGL.framework/Versions/A/Libraries/libGLU.dylib
0x0000000002de7000 	/System/Library/Frameworks/OpenGL.framework/Versions/A/Libraries/libGFXShared.dylib
0x0000000002de7000 	/System/Library/Frameworks/OpenGL.framework/Versions/A/Libraries/libGL.dylib
0x0000000002de7000 	/System/Library/Frameworks/OpenGL.framework/Versions/A/Libraries/libGLImage.dylib
0x0000000002de7000 	/System/Library/Frameworks/OpenGL.framework/Versions/A/Libraries/libCVMSPluginSupport.dylib
0x0000000002de7000 	/System/Library/Frameworks/OpenGL.framework/Versions/A/Libraries/libCoreVMClient.dylib
0x0000000002de7000 	/usr/lib/libcups.2.dylib
0x0000000002de7000 	/System/Library/Frameworks/Kerberos.framework/Versions/A/Kerberos
0x0000000002de7000 	/System/Library/Frameworks/GSS.framework/Versions/A/GSS
0x0000000002de7000 	/usr/lib/libresolv.9.dylib
0x0000000002de7000 	/usr/lib/libiconv.2.dylib
0x0000000002de7000 	/System/Library/PrivateFrameworks/Heimdal.framework/Versions/A/Heimdal
0x0000000002de7000 	/usr/lib/libheimdal-asn1.dylib
0x0000000002de7000 	/System/Library/Frameworks/OpenDirectory.framework/Versions/A/OpenDirectory
0x0000000002de7000 	/System/Library/PrivateFrameworks/CommonAuth.framework/Versions/A/CommonAuth
0x0000000002de7000 	/System/Library/Frameworks/OpenDirectory.framework/Versions/A/Frameworks/CFOpenDirectory.framework/Versions/A/CFOpenDirectory
0x0000000002de7000 	/System/Library/Frameworks/SecurityFoundation.framework/Versions/A/SecurityFoundation
0x0000000002de7000 	/System/Library/PrivateFrameworks/LanguageModeling.framework/Versions/A/LanguageModeling
0x0000000002de7000 	/usr/lib/libmarisa.dylib
0x0000000002de7000 	/usr/lib/libChineseTokenizer.dylib
0x0000000002de7000 	/usr/lib/libcmph.dylib
0x0000000002de7000 	/usr/lib/libcompression.dylib
0x0000000002de7000 	/System/Library/Frameworks/ServiceManagement.framework/Versions/A/ServiceManagement
0x0000000002de7000 	/usr/lib/libxslt.1.dylib
0x0000000002de7000 	/System/Library/Frameworks/Carbon.framework/Versions/A/Frameworks/Ink.framework/Versions/A/Ink
0x0000000002de7000 	/usr/lib/libFosl_dynamic.dylib
0x0000000002de7000 	/System/Library/PrivateFrameworks/FaceCore.framework/Versions/A/FaceCore
0x0000000002de7000 	/System/Library/Frameworks/OpenCL.framework/Versions/A/OpenCL
0x0000000002de7000 	/System/Library/PrivateFrameworks/CrashReporterSupport.framework/Versions/A/CrashReporterSupport
0x0000000002de7000 	/System/Library/PrivateFrameworks/IconServices.framework/Versions/A/IconServices
0x0000000002de7000 	/System/Library/PrivateFrameworks/Apple80211.framework/Versions/A/Apple80211
0x0000000002de7000 	/System/Library/Frameworks/CoreWLAN.framework/Versions/A/CoreWLAN
0x0000000002de7000 	/System/Library/Frameworks/IOBluetooth.framework/Versions/A/IOBluetooth
0x0000000002de7000 	/System/Library/PrivateFrameworks/CoreWiFi.framework/Versions/A/CoreWiFi
0x0000000002de7000 	/System/Library/Frameworks/CoreBluetooth.framework/Versions/A/CoreBluetooth
0x0000000002de7000 	/System/Library/PrivateFrameworks/ChunkingLibrary.framework/Versions/A/ChunkingLibrary
0x0000000002de7000 	/System/Library/PrivateFrameworks/DebugSymbols.framework/Versions/A/DebugSymbols
0x0000000002de7000 	/System/Library/PrivateFrameworks/CoreSymbolication.framework/Versions/A/CoreSymbolication
0x0000000002de7000 	/System/Library/PrivateFrameworks/Symbolication.framework/Versions/A/Symbolication
0x0000000002de7000 	/System/Library/PrivateFrameworks/SpeechRecognitionCore.framework/Versions/A/SpeechRecognitionCore
0x000000010e000000 	/Library/Java/JavaVirtualMachines/jdk1.8.0_40.jdk/Contents/Home/jre/lib/server/libjvm.dylib
0x0000000002de7000 	/usr/lib/libstdc++.6.dylib
0x000000010d669000 	/Library/Java/JavaVirtualMachines/jdk1.8.0_40.jdk/Contents/Home/jre/lib/libverify.dylib
0x000000010d677000 	/Library/Java/JavaVirtualMachines/jdk1.8.0_40.jdk/Contents/Home/jre/lib/libjava.dylib
0x000000010d6b5000 	/Library/Java/JavaVirtualMachines/jdk1.8.0_40.jdk/Contents/Home/jre/lib/libzip.dylib
0x000000012086f000 	/System/Library/Frameworks/JavaVM.framework/Frameworks/JavaRuntimeSupport.framework/JavaRuntimeSupport
0x000000012088a000 	/System/Library/Frameworks/JavaVM.framework/Versions/A/Frameworks/JavaNativeFoundation.framework/Versions/A/JavaNativeFoundation
0x000000012089f000 	/System/Library/Frameworks/JavaVM.framework/Versions/A/JavaVM
0x0000000002de7000 	/System/Library/Frameworks/Carbon.framework/Versions/A/Carbon
0x00000001208ac000 	/System/Library/PrivateFrameworks/JavaLaunching.framework/Versions/A/JavaLaunching
0x0000000002de7000 	/System/Library/Frameworks/Carbon.framework/Versions/A/Frameworks/CommonPanels.framework/Versions/A/CommonPanels
0x0000000002de7000 	/System/Library/Frameworks/Carbon.framework/Versions/A/Frameworks/Help.framework/Versions/A/Help
0x0000000002de7000 	/System/Library/Frameworks/Carbon.framework/Versions/A/Frameworks/ImageCapture.framework/Versions/A/ImageCapture
0x0000000002de7000 	/System/Library/Frameworks/Carbon.framework/Versions/A/Frameworks/OpenScripting.framework/Versions/A/OpenScripting
0x0000000002de7000 	/System/Library/Frameworks/Carbon.framework/Versions/A/Frameworks/Print.framework/Versions/A/Print
0x0000000002de7000 	/System/Library/Frameworks/Carbon.framework/Versions/A/Frameworks/SecurityHI.framework/Versions/A/SecurityHI
0x00000001227a7000 	/Library/Java/JavaVirtualMachines/jdk1.8.0_40.jdk/Contents/Home/jre/lib/libnet.dylib
0x0000000122806000 	/Library/Java/JavaVirtualMachines/jdk1.8.0_40.jdk/Contents/Home/jre/lib/libnio.dylib
0x0000000122816000 	/private/var/folders/x6/qjhqkmcj21v2dr94vljccc540000gn/T/jffi390232547146018989.tmp
0x0000000122f66000 	/Library/Java/JavaVirtualMachines/jdk1.8.0_40.jdk/Contents/Home/jre/lib/libsunec.dylib
0x00000001230ee000 	/Users/fish/.swt/lib/macosx/x86_64/libswt-cocoa-4427.jnilib
0x0000000002de7000 	/System/Library/Frameworks/WebKit.framework/Versions/A/WebKit
0x0000000002de7000 	/System/Library/Frameworks/JavaScriptCore.framework/Versions/A/JavaScriptCore
0x0000000002de7000 	/System/Library/Frameworks/SecurityInterface.framework/Versions/A/SecurityInterface
0x0000000002de7000 	/System/Library/Frameworks/WebKit.framework/Versions/A/Frameworks/WebKitLegacy.framework/Versions/A/WebKitLegacy
0x0000000002de7000 	/System/Library/Frameworks/WebKit.framework/Versions/A/Frameworks/WebCore.framework/Versions/A/WebCore
0x000000012313b000 	/Users/fish/.swt/lib/macosx/x86_64/libswt-pi-cocoa-4427.jnilib
0x0000000002de7000 	/System/Library/PrivateFrameworks/CoreServicesInternal.framework/Versions/A/CoreServicesInternal
0x0000000002de7000 	/System/Library/Frameworks/CoreGraphics.framework/Versions/A/Resources/libCGXType.A.dylib
0x0000000002de7000 	/System/Library/Frameworks/Accelerate.framework/Versions/A/Frameworks/vImage.framework/Versions/A/Libraries/libCGInterfaces.dylib
0x0000000002de7000 	/System/Library/Frameworks/CoreGraphics.framework/Versions/A/Resources/libRIP.A.dylib
0x0000000002de7000 	/System/Library/Frameworks/OpenCL.framework/Versions/A/Libraries/libcldcpuengine.dylib
0x0000000002de7000 	/System/Library/PrivateFrameworks/DiskImages.framework/Versions/A/DiskImages
0x0000000002de7000 	/System/Library/Frameworks/DiscRecording.framework/Versions/A/DiscRecording
0x0000000002de7000 	/usr/lib/libcsfde.dylib
0x0000000002de7000 	/usr/lib/libcurl.4.dylib
0x0000000002de7000 	/System/Library/PrivateFrameworks/MediaKit.framework/Versions/A/MediaKit
0x0000000002de7000 	/System/Library/PrivateFrameworks/ProtectedCloudStorage.framework/Versions/A/ProtectedCloudStorage
0x0000000002de7000 	/usr/lib/libCoreStorage.dylib
0x0000000002de7000 	/System/Library/PrivateFrameworks/EFILogin.framework/Versions/A/EFILogin
0x0000000002de7000 	/usr/lib/libutil.dylib
0x0000000002de7000 	/System/Library/PrivateFrameworks/FindMyDevice.framework/Versions/A/FindMyDevice
0x0000000002de7000 	/System/Library/Frameworks/LDAP.framework/Versions/A/LDAP
0x0000000002de7000 	/usr/lib/libsasl2.2.dylib
0x0000000002de7000 	/System/Library/PrivateFrameworks/CoreDaemon.framework/Versions/B/CoreDaemon
0x0000000002de7000 	/usr/lib/libcrypto.0.9.8.dylib
0x0000000002de7000 	/System/Library/PrivateFrameworks/AppleSRP.framework/Versions/A/AppleSRP
0x0000000002de7000 	/System/Library/PrivateFrameworks/TrustEvaluationAgent.framework/Versions/A/TrustEvaluationAgent
0x0000000122d65000 	cl_kernels
0x0000000002de7000 	/System/Library/Frameworks/OpenCL.framework/Versions/A/Libraries/ImageFormats/unorm8_bgra.dylib
0x0000000002de7000 	/System/Library/Frameworks/OpenCL.framework/Versions/A/Libraries/ImageFormats/unorm8_rgba.dylib
0x0000000002de7000 	/System/Library/CoreServices/RawCamera.bundle/Contents/MacOS/RawCamera
0x0000000002de7000 	/System/Library/PrivateFrameworks/FamilyControls.framework/Versions/A/FamilyControls
0x0000000002de7000 	/System/Library/PrivateFrameworks/CommerceKit.framework/Versions/A/Frameworks/CommerceCore.framework/Versions/A/CommerceCore
0x0000000002de7000 	/System/Library/PrivateFrameworks/SystemAdministration.framework/Versions/A/SystemAdministration
0x0000000002de7000 	/System/Library/PrivateFrameworks/AppContainer.framework/Versions/A/AppContainer
0x0000000002de7000 	/System/Library/PrivateFrameworks/SecCodeWrapper.framework/Versions/A/SecCodeWrapper
0x0000000002de7000 	/System/Library/Frameworks/DirectoryService.framework/Versions/A/DirectoryService
0x0000000002de7000 	/System/Library/PrivateFrameworks/LoginUIKit.framework/Versions/A/Frameworks/LoginUICore.framework/Versions/A/LoginUICore
0x0000000002de7000 	/usr/lib/libodfde.dylib
0x0000000002de7000 	/System/Library/Frameworks/OpenGL.framework/Versions/A/Resources/GLEngine.bundle/GLEngine
0x0000000002de7000 	/System/Library/Frameworks/OpenGL.framework/Versions/A/Libraries/libGLProgrammability.dylib
0x000000012715f000 	/System/Library/Extensions/AppleIntelHD3000GraphicsGLDriver.bundle/Contents/MacOS/AppleIntelHD3000GraphicsGLDriver
0x0000000002de7000 	/System/Library/PrivateFrameworks/GPUSupport.framework/Versions/A/Libraries/libGPUSupport.dylib
0x0000000002de7000 	/System/Library/Frameworks/OpenGL.framework/Versions/A/Resources/GLRendererFloat.bundle/GLRendererFloat
0x0000000002de7000 	/System/Library/PrivateFrameworks/Shortcut.framework/Versions/A/Shortcut
0x0000000002de7000 	/System/Library/PrivateFrameworks/HelpData.framework/Versions/A/HelpData
0x0000000002de7000 	/usr/lib/libtidy.A.dylib
0x0000000002de7000 	/System/Library/Frameworks/CoreGraphics.framework/Versions/A/Resources/libCGXCoreImage.A.dylib
0x0000000122ef7000 	cl_kernels
0x0000000002de7000 	/System/Library/PrivateFrameworks/DataDetectors.framework/Versions/A/DataDetectors
0x0000000002de7000 	/System/Library/Frameworks/AddressBook.framework/Versions/A/AddressBook
0x0000000002de7000 	/System/Library/Frameworks/Quartz.framework/Versions/A/Quartz
0x0000000002de7000 	/System/Library/PrivateFrameworks/ContactsPersistence.framework/Versions/A/ContactsPersistence
0x0000000002de7000 	/System/Library/PrivateFrameworks/ContactsFoundation.framework/Versions/A/ContactsFoundation
0x0000000002de7000 	/System/Library/PrivateFrameworks/vCard.framework/Versions/A/vCard
0x0000000002de7000 	/System/Library/PrivateFrameworks/IntlPreferences.framework/Versions/A/IntlPreferences
0x0000000002de7000 	/System/Library/PrivateFrameworks/ToneLibrary.framework/Versions/A/ToneLibrary
0x0000000002de7000 	/System/Library/PrivateFrameworks/ToneKit.framework/Versions/A/ToneKit
0x0000000002de7000 	/System/Library/PrivateFrameworks/ApplePushService.framework/Versions/A/ApplePushService
0x0000000002de7000 	/System/Library/PrivateFrameworks/PhoneNumbers.framework/Versions/A/PhoneNumbers
0x0000000002de7000 	/System/Library/PrivateFrameworks/ViewBridge.framework/Versions/A/ViewBridge
0x0000000002de7000 	/System/Library/Frameworks/AVFoundation.framework/Versions/A/AVFoundation
0x0000000002de7000 	/System/Library/Frameworks/AVFoundation.framework/Versions/A/Resources/libAVFAudio.dylib
0x0000000002de7000 	/System/Library/Frameworks/CoreMedia.framework/Versions/A/CoreMedia
0x0000000002de7000 	/System/Library/Frameworks/MediaToolbox.framework/Versions/A/MediaToolbox
0x0000000002de7000 	/System/Library/Frameworks/VideoToolbox.framework/Versions/A/VideoToolbox
0x0000000002de7000 	/System/Library/Frameworks/CoreMediaIO.framework/Versions/A/CoreMediaIO
0x0000000002de7000 	/usr/lib/libspindump.dylib
0x0000000002de7000 	/System/Library/PrivateFrameworks/CoreAVCHD.framework/Versions/A/CoreAVCHD
0x0000000002de7000 	/System/Library/Frameworks/MediaAccessibility.framework/Versions/A/MediaAccessibility
0x0000000002de7000 	/System/Library/PrivateFrameworks/Mangrove.framework/Versions/A/Mangrove
0x0000000002de7000 	/System/Library/PrivateFrameworks/CoreAUC.framework/Versions/A/CoreAUC
0x0000000002de7000 	/System/Library/PrivateFrameworks/AppleVA.framework/Versions/A/AppleVA
0x0000000002de7000 	/System/Library/PrivateFrameworks/XPCService.framework/Versions/A/XPCService
0x0000000002de7000 	/System/Library/PrivateFrameworks/AppSandbox.framework/Versions/A/AppSandbox
0x0000000002de7000 	/usr/lib/libsandbox.1.dylib
0x0000000002de7000 	/usr/lib/libMatch.1.dylib
0x0000000002de7000 	/System/Library/Frameworks/Quartz.framework/Versions/A/Frameworks/QuartzComposer.framework/Versions/A/QuartzComposer
0x0000000002de7000 	/System/Library/Frameworks/Quartz.framework/Versions/A/Frameworks/PDFKit.framework/Versions/A/PDFKit
0x0000000002de7000 	/System/Library/Frameworks/Quartz.framework/Versions/A/Frameworks/QuartzFilters.framework/Versions/A/QuartzFilters
0x0000000002de7000 	/System/Library/Frameworks/Quartz.framework/Versions/A/Frameworks/ImageKit.framework/Versions/A/ImageKit
0x0000000002de7000 	/System/Library/Frameworks/Quartz.framework/Versions/A/Frameworks/QuickLookUI.framework/Versions/A/QuickLookUI
0x0000000002de7000 	/System/Library/Frameworks/QTKit.framework/Versions/A/QTKit
0x0000000002de7000 	/System/Library/PrivateFrameworks/AppleSystemInfo.framework/Versions/A/AppleSystemInfo
0x0000000002de7000 	/System/Library/PrivateFrameworks/CoreMediaAuthoring.framework/Versions/A/CoreMediaAuthoring
0x0000000002de7000 	/System/Library/PrivateFrameworks/CorePDF.framework/Versions/A/CorePDF
0x0000000002de7000 	/System/Library/Frameworks/QuickLook.framework/Versions/A/QuickLook
0x0000000002de7000 	/System/Library/PrivateFrameworks/DisplayServices.framework/Versions/A/DisplayServices
0x0000000002de7000 	/System/Library/Frameworks/ImageCaptureCore.framework/Versions/A/ImageCaptureCore
0x0000000002de7000 	/System/Library/PrivateFrameworks/SafariServices.framework/Versions/A/SafariServices
0x0000000002de7000 	/System/Library/PrivateFrameworks/CloudDocs.framework/Versions/A/CloudDocs
0x0000000002de7000 	/System/Library/PrivateFrameworks/CoreDuet.framework/Versions/A/CoreDuet
0x0000000002de7000 	/System/Library/Frameworks/CloudKit.framework/Versions/A/CloudKit
0x0000000002de7000 	/System/Library/PrivateFrameworks/ProtocolBuffer.framework/Versions/A/ProtocolBuffer
0x0000000002de7000 	/System/Library/PrivateFrameworks/CoreDuetDaemonProtocol.framework/Versions/A/CoreDuetDaemonProtocol
0x0000000002de7000 	/System/Library/PrivateFrameworks/CoreDuetDebugLogging.framework/Versions/A/CoreDuetDebugLogging
0x0000000002de7000 	/System/Library/PrivateFrameworks/MMCS.framework/Versions/A/MMCS
0x0000000002de7000 	/System/Library/Frameworks/CoreLocation.framework/Versions/A/CoreLocation
0x0000000002de7000 	/System/Library/PrivateFrameworks/AssetCacheServices.framework/Versions/A/AssetCacheServices
0x0000000002de7000 	/System/Library/PrivateFrameworks/GeoServices.framework/Versions/A/GeoServices
0x0000000069cb8000 	/System/Library/CoreServices/Encodings/libCyrillicConverter.dylib
0x0000000002de7000 	/System/Library/PrivateFrameworks/FinderKit.framework/Versions/A/FinderKit
0x0000000002de7000 	/System/Library/PrivateFrameworks/Bom.framework/Versions/A/Bom
0x0000000002de7000 	/System/Library/PrivateFrameworks/Suggestions.framework/Versions/A/Suggestions
0x0000000002de7000 	/System/Library/PrivateFrameworks/AppleFSCompression.framework/Versions/A/AppleFSCompression
0x0000000002de7000 	/System/Library/PrivateFrameworks/PlugInKit.framework/Versions/A/PlugInKit
0x0000000002de7000 	/System/Library/PrivateFrameworks/CacheDelete.framework/Versions/A/CacheDelete
0x0000000132f0d000 	/System/Library/Frameworks/Security.framework/PlugIns/csparser.bundle/Contents/MacOS/csparser

VM Arguments:
jvm_args: -Xbootclasspath/a:/Users/fish/.rbenv/versions/2.2.0/lib/ruby/gems/2.2.0/gems/redcar-jruby-0.1/vendor/jruby-complete-1.6.4.jar -Dfile.encoding=UTF8 -Xmx320m -Xss1024k -Djruby.memory.max=320m -Djruby.stack.max=1024k 
java_command: org.jruby.Main /Users/fish/.rbenv/versions/2.2.0/lib/ruby/gems/2.2.0/gems/redcar-0.13/bin/redcar --no-sub-jruby --ignore-stdin --start-time=1454054457
java_class_path (initial): .
Launcher Type: SUN_STANDARD

Environment Variables:
PATH=/Users/fish/.rbenv/versions/2.2.0/bin:/usr/local/Cellar/rbenv/0.4.0/libexec:/Users/fish/.rbenv/shims:/usr/local/bin:/usr/bin:/bin:/usr/sbin:/sbin:/opt/X11/bin:/usr/local/git/bin
SHELL=/bin/bash
DISPLAY=/private/tmp/com.apple.launchd.P1NqcHknwf/org.macosforge.xquartz:0

Signal Handlers:
SIGSEGV: [libjvm.dylib+0x58ef95], sa_mask[0]=11111111011111110111111111111111, sa_flags=SA_ONSTACK|SA_RESTART|SA_SIGINFO
SIGBUS: [libjvm.dylib+0x58ef95], sa_mask[0]=11111111011111110111111111111111, sa_flags=SA_RESTART|SA_SIGINFO
SIGFPE: [libjvm.dylib+0x46c118], sa_mask[0]=11111111011111110111111111111111, sa_flags=SA_RESTART|SA_SIGINFO
SIGPIPE: [libjvm.dylib+0x46c118], sa_mask[0]=11111111011111110111111111111111, sa_flags=SA_RESTART|SA_SIGINFO
SIGXFSZ: [libjvm.dylib+0x46c118], sa_mask[0]=11111111011111110111111111111111, sa_flags=SA_RESTART|SA_SIGINFO
SIGILL: [libjvm.dylib+0x46c118], sa_mask[0]=11111111011111110111111111111111, sa_flags=SA_RESTART|SA_SIGINFO
SIGUSR1: SIG_DFL, sa_mask[0]=00000000000000000000000000000000, sa_flags=SA_SIGINFO
SIGUSR2: [libjvm.dylib+0x46bc36], sa_mask[0]=00000000000000000000000000000000, sa_flags=SA_RESTART|SA_SIGINFO
SIGHUP: [libjvm.dylib+0x46a209], sa_mask[0]=11111111011111110111111111111111, sa_flags=SA_RESTART|SA_SIGINFO
SIGINT: [libjvm.dylib+0x46a209], sa_mask[0]=11111111011111110111111111111111, sa_flags=SA_RESTART|SA_SIGINFO
SIGTERM: [libjvm.dylib+0x46a209], sa_mask[0]=11111111011111110111111111111111, sa_flags=SA_RESTART|SA_SIGINFO
SIGQUIT: [libjvm.dylib+0x46a209], sa_mask[0]=11111111011111110111111111111111, sa_flags=SA_RESTART|SA_SIGINFO


---------------  S Y S T E M  ---------------

OS:Bsduname:Darwin 15.2.0 Darwin Kernel Version 15.2.0: Fri Nov 13 19:56:56 PST 2015; root:xnu-3248.20.55~2/RELEASE_X86_64 x86_64
rlimit: STACK 8192k, CORE 0k, NPROC 709, NOFILE 10240, AS infinity
load average:3.48 2.24 2.00

CPU:total 4 (2 cores per cpu, 2 threads per core) family 6 model 42 stepping 7, cmov, cx8, fxsr, mmx, sse, sse2, sse3, ssse3, sse4.1, sse4.2, popcnt, avx, aes, clmul, ht, tsc, tscinvbit

Memory: 4k page, physical 4194304k(937048k free)

/proc/meminfo:


vm_info: Java HotSpot(TM) 64-Bit Server VM (25.40-b25) for bsd-amd64 JRE (1.8.0_40-b27), built on Mar 13 2015 04:46:52 by "java_re" with gcc 4.2.1 (Based on Apple Inc. build 5658) (LLVM build 2336.11.00)

time: Thu Feb 18 10:46:45 2016
elapsed time: 443044 seconds (5d 3h 4m 4s)

